<?xml version="1.0" encoding="UTF-8"?>
<testng-results ignored="0" total="5" passed="3" failed="2" skipped="0">
  <reporter-output>
    <line>
      <![CDATA[ID: 5cd95395de30eff6ebccde56 Total records0 Total Quotes0]]>
    </line>
    <line>
      <![CDATA[ID: 5cd95395de30eff6ebccde57 Total records0 Total Quotes0]]>
    </line>
    <line>
      <![CDATA[ID: 5cd95395de30eff6ebccde58 Total records0 Total Quotes0]]>
    </line>
    <line>
      <![CDATA[ID: 5cd95395de30eff6ebccde59 Total records0 Total Quotes0]]>
    </line>
    <line>
      <![CDATA[ID: 5cd95395de30eff6ebccde5a Total records0 Total Quotes0]]>
    </line>
    <line>
      <![CDATA[ID: 5cd95395de30eff6ebccde5b Total records1009 Total Quotes1000]]>
    </line>
    <line>
      <![CDATA[ID: 5cd95395de30eff6ebccde5c Total records503 Total Quotes503]]>
    </line>
    <line>
      <![CDATA[ID: 5cd95395de30eff6ebccde5d Total records872 Total Quotes872]]>
    </line>
  </reporter-output>
  <suite started-at="2024-07-28T12:38:38 IST" name="Default suite" finished-at="2024-07-28T12:39:11 IST" duration-ms="32966">
    <groups>
    </groups>
    <test started-at="2024-07-28T12:38:38 IST" name="Default test" finished-at="2024-07-28T12:39:11 IST" duration-ms="32966">
      <class name="apis.GetBookDetails">
        <test-method is-config="true" signature="setup()[pri:0, instance:apis.GetBookDetails@233795b6]" started-at="2024-07-28T12:38:38 IST" name="setup" finished-at="2024-07-28T12:38:38 IST" duration-ms="438" status="PASS">
          <reporter-output>
          </reporter-output>
        </test-method> <!-- setup -->
        <test-method signature="testMovieAPI()[pri:0, instance:apis.GetBookDetails@233795b6]" started-at="2024-07-28T12:38:40 IST" name="testMovieAPI" finished-at="2024-07-28T12:38:42 IST" duration-ms="2368" status="PASS">
          <reporter-output>
          </reporter-output>
        </test-method> <!-- testMovieAPI -->
        <test-method signature="testMovieAPIWithAuth()[pri:0, instance:apis.GetBookDetails@233795b6]" started-at="2024-07-28T12:38:42 IST" name="testMovieAPIWithAuth" finished-at="2024-07-28T12:38:44 IST" duration-ms="1526" status="PASS">
          <reporter-output>
          </reporter-output>
        </test-method> <!-- testMovieAPIWithAuth -->
        <test-method signature="testGetBookAPI()[pri:0, instance:apis.GetBookDetails@233795b6]" started-at="2024-07-28T12:38:44 IST" name="testGetBookAPI" finished-at="2024-07-28T12:38:45 IST" duration-ms="642" status="FAIL">
          <exception class="java.lang.AssertionError">
            <message>
              <![CDATA[1 expectation failed.
Expected status code <304> but was <200>.
]]>
            </message>
            <full-stacktrace>
              <![CDATA[java.lang.AssertionError: 1 expectation failed.
Expected status code <304> but was <200>.

at java.base/jdk.internal.reflect.DirectConstructorHandleAccessor.newInstance(DirectConstructorHandleAccessor.java:62)
at java.base/java.lang.reflect.Constructor.newInstanceWithCaller(Constructor.java:502)
at java.base/java.lang.reflect.Constructor.newInstance(Constructor.java:486)
at org.codehaus.groovy.reflection.CachedConstructor.invoke(CachedConstructor.java:73)
at org.codehaus.groovy.runtime.callsite.ConstructorSite$ConstructorSiteNoUnwrapNoCoerce.callConstructor(ConstructorSite.java:108)
at org.codehaus.groovy.runtime.callsite.CallSiteArray.defaultCallConstructor(CallSiteArray.java:57)
at org.codehaus.groovy.runtime.callsite.AbstractCallSite.callConstructor(AbstractCallSite.java:263)
at org.codehaus.groovy.runtime.callsite.AbstractCallSite.callConstructor(AbstractCallSite.java:277)
at io.restassured.internal.ResponseSpecificationImpl$HamcrestAssertionClosure.validate(ResponseSpecificationImpl.groovy:512)
at io.restassured.internal.ResponseSpecificationImpl$HamcrestAssertionClosure$validate$1.call(Unknown Source)
at io.restassured.internal.ResponseSpecificationImpl.validateResponseIfRequired(ResponseSpecificationImpl.groovy:696)
at io.restassured.internal.ResponseSpecificationImpl.this$2$validateResponseIfRequired(ResponseSpecificationImpl.groovy)
at java.base/jdk.internal.reflect.DirectMethodHandleAccessor.invoke(DirectMethodHandleAccessor.java:103)
at java.base/java.lang.reflect.Method.invoke(Method.java:580)
at org.codehaus.groovy.runtime.callsite.PlainObjectMetaMethodSite.doInvoke(PlainObjectMetaMethodSite.java:43)
at org.codehaus.groovy.runtime.callsite.PogoMetaMethodSite$PogoCachedMethodSiteNoUnwrapNoCoerce.invoke(PogoMetaMethodSite.java:198)
at org.codehaus.groovy.runtime.callsite.PogoMetaMethodSite.callCurrent(PogoMetaMethodSite.java:62)
at org.codehaus.groovy.runtime.callsite.AbstractCallSite.callCurrent(AbstractCallSite.java:185)
at io.restassured.internal.ResponseSpecificationImpl.statusCode(ResponseSpecificationImpl.groovy:135)
at io.restassured.specification.ResponseSpecification$statusCode$0.callCurrent(Unknown Source)
at io.restassured.internal.ResponseSpecificationImpl.statusCode(ResponseSpecificationImpl.groovy:143)
at io.restassured.internal.ValidatableResponseOptionsImpl.statusCode(ValidatableResponseOptionsImpl.java:89)
at apis.GetBookDetails.testGetBookAPI(GetBookDetails.java:35)
at java.base/jdk.internal.reflect.DirectMethodHandleAccessor.invoke(DirectMethodHandleAccessor.java:103)
at java.base/java.lang.reflect.Method.invoke(Method.java:580)
at org.testng.internal.invokers.MethodInvocationHelper.invokeMethod(MethodInvocationHelper.java:141)
at org.testng.internal.invokers.TestInvoker.invokeMethod(TestInvoker.java:686)
at org.testng.internal.invokers.TestInvoker.invokeTestMethod(TestInvoker.java:230)
at org.testng.internal.invokers.MethodRunner.runInSequence(MethodRunner.java:63)
at org.testng.internal.invokers.TestInvoker$MethodInvocationAgent.invoke(TestInvoker.java:992)
at org.testng.internal.invokers.TestInvoker.invokeTestMethods(TestInvoker.java:203)
at org.testng.internal.invokers.TestMethodWorker.invokeTestMethods(TestMethodWorker.java:154)
at org.testng.internal.invokers.TestMethodWorker.run(TestMethodWorker.java:134)
at java.base/java.util.ArrayList.forEach(ArrayList.java:1596)
at org.testng.TestRunner.privateRun(TestRunner.java:739)
at org.testng.TestRunner.run(TestRunner.java:614)
at org.testng.SuiteRunner.runTest(SuiteRunner.java:421)
at org.testng.SuiteRunner.runSequentially(SuiteRunner.java:413)
at org.testng.SuiteRunner.privateRun(SuiteRunner.java:373)
at org.testng.SuiteRunner.run(SuiteRunner.java:312)
at org.testng.SuiteRunnerWorker.runSuite(SuiteRunnerWorker.java:52)
at org.testng.SuiteRunnerWorker.run(SuiteRunnerWorker.java:95)
at org.testng.TestNG.runSuitesSequentially(TestNG.java:1274)
at org.testng.TestNG.runSuitesLocally(TestNG.java:1208)
at org.testng.TestNG.runSuites(TestNG.java:1112)
at org.testng.TestNG.run(TestNG.java:1079)
at org.testng.remote.AbstractRemoteTestNG.run(AbstractRemoteTestNG.java:115)
at org.testng.remote.RemoteTestNG.initAndRun(RemoteTestNG.java:293)
at org.testng.remote.RemoteTestNG.main(RemoteTestNG.java:91)
]]>
            </full-stacktrace>
          </exception> <!-- java.lang.AssertionError -->
          <reporter-output>
          </reporter-output>
        </test-method> <!-- testGetBookAPI -->
        <test-method signature="getMovieQuotes()[pri:0, instance:apis.GetBookDetails@233795b6]" started-at="2024-07-28T12:38:45 IST" name="getMovieQuotes" description="Get quote of movies" finished-at="2024-07-28T12:38:52 IST" depends-on-methods="apis.GetBookDetails.testMovieAPIWithAuth" duration-ms="7735" status="FAIL">
          <exception class="java.lang.AssertionError">
            <message>
              <![CDATA[The following asserts failed:
Mismatch in total and number of quotes for movie ID: 5cd95395de30eff6ebccde5b expected [1000] but found [1009]]]>
            </message>
            <full-stacktrace>
              <![CDATA[java.lang.AssertionError: The following asserts failed:
Mismatch in total and number of quotes for movie ID: 5cd95395de30eff6ebccde5b expected [1000] but found [1009]
at org.testng.asserts.SoftAssert.assertAll(SoftAssert.java:46)
at org.testng.asserts.SoftAssert.assertAll(SoftAssert.java:30)
at apis.GetBookDetails.getMovieQuotes(GetBookDetails.java:75)
at java.base/jdk.internal.reflect.DirectMethodHandleAccessor.invoke(DirectMethodHandleAccessor.java:103)
at java.base/java.lang.reflect.Method.invoke(Method.java:580)
at org.testng.internal.invokers.MethodInvocationHelper.invokeMethod(MethodInvocationHelper.java:141)
at org.testng.internal.invokers.TestInvoker.invokeMethod(TestInvoker.java:686)
at org.testng.internal.invokers.TestInvoker.invokeTestMethod(TestInvoker.java:230)
at org.testng.internal.invokers.MethodRunner.runInSequence(MethodRunner.java:63)
at org.testng.internal.invokers.TestInvoker$MethodInvocationAgent.invoke(TestInvoker.java:992)
at org.testng.internal.invokers.TestInvoker.invokeTestMethods(TestInvoker.java:203)
at org.testng.internal.invokers.TestMethodWorker.invokeTestMethods(TestMethodWorker.java:154)
at org.testng.internal.invokers.TestMethodWorker.run(TestMethodWorker.java:134)
at java.base/java.util.ArrayList.forEach(ArrayList.java:1596)
at org.testng.TestRunner.privateRun(TestRunner.java:739)
at org.testng.TestRunner.run(TestRunner.java:614)
at org.testng.SuiteRunner.runTest(SuiteRunner.java:421)
at org.testng.SuiteRunner.runSequentially(SuiteRunner.java:413)
at org.testng.SuiteRunner.privateRun(SuiteRunner.java:373)
at org.testng.SuiteRunner.run(SuiteRunner.java:312)
at org.testng.SuiteRunnerWorker.runSuite(SuiteRunnerWorker.java:52)
at org.testng.SuiteRunnerWorker.run(SuiteRunnerWorker.java:95)
at org.testng.TestNG.runSuitesSequentially(TestNG.java:1274)
at org.testng.TestNG.runSuitesLocally(TestNG.java:1208)
at org.testng.TestNG.runSuites(TestNG.java:1112)
at org.testng.TestNG.run(TestNG.java:1079)
at org.testng.remote.AbstractRemoteTestNG.run(AbstractRemoteTestNG.java:115)
at org.testng.remote.RemoteTestNG.initAndRun(RemoteTestNG.java:293)
at org.testng.remote.RemoteTestNG.main(RemoteTestNG.java:91)
]]>
            </full-stacktrace>
          </exception> <!-- java.lang.AssertionError -->
          <reporter-output>
            <line>
              <![CDATA[ID: 5cd95395de30eff6ebccde56 Total records0 Total Quotes0]]>
            </line>
            <line>
              <![CDATA[ID: 5cd95395de30eff6ebccde57 Total records0 Total Quotes0]]>
            </line>
            <line>
              <![CDATA[ID: 5cd95395de30eff6ebccde58 Total records0 Total Quotes0]]>
            </line>
            <line>
              <![CDATA[ID: 5cd95395de30eff6ebccde59 Total records0 Total Quotes0]]>
            </line>
            <line>
              <![CDATA[ID: 5cd95395de30eff6ebccde5a Total records0 Total Quotes0]]>
            </line>
            <line>
              <![CDATA[ID: 5cd95395de30eff6ebccde5b Total records1009 Total Quotes1000]]>
            </line>
            <line>
              <![CDATA[ID: 5cd95395de30eff6ebccde5c Total records503 Total Quotes503]]>
            </line>
            <line>
              <![CDATA[ID: 5cd95395de30eff6ebccde5d Total records872 Total Quotes872]]>
            </line>
          </reporter-output>
        </test-method> <!-- getMovieQuotes -->
      </class> <!-- apis.GetBookDetails -->
      <class name="flipkart.FlipkartTest">
        <test-method is-config="true" signature="openBrowser()[pri:0, instance:flipkart.FlipkartTest@9d5509a]" started-at="2024-07-28T12:38:38 IST" name="openBrowser" finished-at="2024-07-28T12:38:40 IST" duration-ms="1636" status="PASS">
          <reporter-output>
          </reporter-output>
        </test-method> <!-- openBrowser -->
        <test-method signature="launchBrowser()[pri:0, instance:flipkart.FlipkartTest@9d5509a]" started-at="2024-07-28T12:38:52 IST" name="launchBrowser" description="Verify that user able to buy a shoe." finished-at="2024-07-28T12:39:11 IST" duration-ms="18292" status="PASS">
          <reporter-output>
          </reporter-output>
        </test-method> <!-- launchBrowser -->
        <test-method is-config="true" signature="closeBrowser()[pri:0, instance:flipkart.FlipkartTest@9d5509a]" started-at="2024-07-28T12:39:11 IST" name="closeBrowser" finished-at="2024-07-28T12:39:11 IST" duration-ms="267" status="PASS">
          <reporter-output>
          </reporter-output>
        </test-method> <!-- closeBrowser -->
      </class> <!-- flipkart.FlipkartTest -->
    </test> <!-- Default test -->
  </suite> <!-- Default suite -->
</testng-results>
